<?xml version="1.0" encoding="UTF-8"?>
<testng-results ignored="0" total="1" passed="1" failed="0" skipped="0">
  <reporter-output>
  </reporter-output>
  <suite started-at="2020-03-20T00:41:40 ICT" name="project_lab" finished-at="2020-03-20T00:41:46 ICT" duration-ms="5592">
    <groups>
    </groups>
    <test started-at="2020-03-20T00:41:40 ICT" name="first test" finished-at="2020-03-20T00:41:46 ICT" duration-ms="5592">
      <class name="pkg_one.open_google_search">
        <test-method is-config="true" signature="setUp()[pri:0, instance:pkg_one.open_google_search@2473b9ce]" started-at="2020-03-20T00:41:40 ICT" name="setUp" finished-at="2020-03-20T00:41:40 ICT" duration-ms="6" status="PASS">
          <reporter-output>
          </reporter-output>
        </test-method> <!-- setUp -->
        <test-method signature="openGG()[pri:0, instance:pkg_one.open_google_search@2473b9ce]" started-at="2020-03-20T00:41:40 ICT" name="openGG" finished-at="2020-03-20T00:41:46 ICT" duration-ms="5568" status="PASS">
          <reporter-output>
          </reporter-output>
        </test-method> <!-- openGG -->
      </class> <!-- pkg_one.open_google_search -->
    </test> <!-- first test -->
  </suite> <!-- project_lab -->
</testng-results>
